Traceback (most recent call last):
  File "/Users/manny/Personal-Projects/Bots/GG_Pickle_Bot/main.py", line 37, in <module>
    main()
  File "/Users/manny/Personal-Projects/Bots/GG_Pickle_Bot/main.py", line 28, in main
    schedule.every().day.at("12:12").do(scraper.choose_date_time(today, target_date, target_time))
  File "/Users/manny/Personal-Projects/Bots/GG_Pickle_Bot/gg_pickle/lib/python3.12/site-packages/schedule/__init__.py", line 655, in do
    self.job_func = functools.partial(job_func, *args, **kwargs)
                    ^^^^^^^^^^^^^^^^^^^^^^^^^^^^^^^^^^^^^^^^^^^^
TypeError: the first argument must be callable
Traceback (most recent call last):
  File "/Users/manny/Personal-Projects/Bots/GG_Pickle_Bot/main.py", line 37, in <module>
    main()
  File "/Users/manny/Personal-Projects/Bots/GG_Pickle_Bot/main.py", line 28, in main
    schedule.every().day.at("12:15").do(scraper.choose_date_time(today, target_date, target_time))
  File "/Users/manny/Personal-Projects/Bots/GG_Pickle_Bot/gg_pickle/lib/python3.12/site-packages/schedule/__init__.py", line 655, in do
    self.job_func = functools.partial(job_func, *args, **kwargs)
                    ^^^^^^^^^^^^^^^^^^^^^^^^^^^^^^^^^^^^^^^^^^^^
TypeError: the first argument must be callable
logged in
got date time
Traceback (most recent call last):
  File "/Users/manny/Personal-Projects/Bots/GG_Pickle_Bot/main.py", line 37, in <module>
    main()
  File "/Users/manny/Personal-Projects/Bots/GG_Pickle_Bot/main.py", line 28, in main
    schedule.every().day.at("12:19").do(scraper.choose_date_time(today, target_date, target_time))
  File "/Users/manny/Personal-Projects/Bots/GG_Pickle_Bot/gg_pickle/lib/python3.12/site-packages/schedule/__init__.py", line 655, in do
    self.job_func = functools.partial(job_func, *args, **kwargs)
                    ^^^^^^^^^^^^^^^^^^^^^^^^^^^^^^^^^^^^^^^^^^^^
TypeError: the first argument must be callable
Traceback (most recent call last):
  File "/Users/manny/Personal-Projects/Bots/GG_Pickle_Bot/main.py", line 34, in <module>
    main()
  File "/Users/manny/Personal-Projects/Bots/GG_Pickle_Bot/main.py", line 29, in main
    scraper.choose_date_time(today, target_date, target_time)
  File "/Users/manny/Personal-Projects/Bots/GG_Pickle_Bot/utils/web_scraper.py", line 81, in choose_date_time
    time_button = self.driver.find_element(By.XPATH, f"//a[contains(@data-href, '{target_time}')]")
                  ^^^^^^^^^^^^^^^^^^^^^^^^^^^^^^^^^^^^^^^^^^^^^^^^^^^^^^^^^^^^^^^^^^^^^^^^^^^^^^^^^
  File "/Users/manny/Personal-Projects/Bots/GG_Pickle_Bot/gg_pickle/lib/python3.12/site-packages/selenium/webdriver/remote/webdriver.py", line 770, in find_element
    return self.execute(Command.FIND_ELEMENT, {"using": by, "value": value})["value"]
           ^^^^^^^^^^^^^^^^^^^^^^^^^^^^^^^^^^^^^^^^^^^^^^^^^^^^^^^^^^^^^^^^^
  File "/Users/manny/Personal-Projects/Bots/GG_Pickle_Bot/gg_pickle/lib/python3.12/site-packages/selenium/webdriver/remote/webdriver.py", line 384, in execute
    self.error_handler.check_response(response)
  File "/Users/manny/Personal-Projects/Bots/GG_Pickle_Bot/gg_pickle/lib/python3.12/site-packages/selenium/webdriver/remote/errorhandler.py", line 232, in check_response
    raise exception_class(message, screen, stacktrace)
selenium.common.exceptions.NoSuchElementException: Message: no such element: Unable to locate element: {"method":"xpath","selector":"//a[contains(@data-href, '%208:00%20PM&end')]"}
  (Session info: chrome=131.0.6778.109); For documentation on this error, please visit: https://www.selenium.dev/documentation/webdriver/troubleshooting/errors#no-such-element-exception
Stacktrace:
0   chromedriver                        0x00000001053ffb08 cxxbridge1$str$ptr + 3651580
1   chromedriver                        0x00000001053f8358 cxxbridge1$str$ptr + 3620940
2   chromedriver                        0x0000000104e604b4 cxxbridge1$string$len + 89224
3   chromedriver                        0x0000000104ea4898 cxxbridge1$string$len + 368748
4   chromedriver                        0x0000000104ede0fc cxxbridge1$string$len + 604368
5   chromedriver                        0x0000000104e990b0 cxxbridge1$string$len + 321668
6   chromedriver                        0x0000000104e99d00 cxxbridge1$string$len + 324820
7   chromedriver                        0x00000001053cae4c cxxbridge1$str$ptr + 3435328
8   chromedriver                        0x00000001053ce164 cxxbridge1$str$ptr + 3448408
9   chromedriver                        0x00000001053b21c0 cxxbridge1$str$ptr + 3333812
10  chromedriver                        0x00000001053cea24 cxxbridge1$str$ptr + 3450648
11  chromedriver                        0x00000001053a39cc cxxbridge1$str$ptr + 3274432
12  chromedriver                        0x00000001053e9138 cxxbridge1$str$ptr + 3558956
13  chromedriver                        0x00000001053e92b4 cxxbridge1$str$ptr + 3559336
14  chromedriver                        0x00000001053f7fcc cxxbridge1$str$ptr + 3620032
15  libsystem_pthread.dylib             0x0000000191722f94 _pthread_start + 136
16  libsystem_pthread.dylib             0x000000019171dd34 thread_start + 8

Traceback (most recent call last):
  File "/Users/manny/Personal-Projects/Bots/GG_Pickle_Bot/main.py", line 34, in <module>
    main()
  File "/Users/manny/Personal-Projects/Bots/GG_Pickle_Bot/main.py", line 29, in main
    scraper.choose_date_time(today, slots_open_at, target_date, target_time)
TypeError: WebScraper.choose_date_time() takes 4 positional arguments but 5 were given
  File "/Users/manny/Personal-Projects/Bots/GG_Pickle_Bot/main.py", line 20
    days_ahead = 
                 ^
SyntaxError: invalid syntax
  File "/Users/manny/Personal-Projects/Bots/GG_Pickle_Bot/main.py", line 20
    days_ahead = 
                 ^
SyntaxError: invalid syntax
Traceback (most recent call last):
  File "/Users/manny/Personal-Projects/Bots/GG_Pickle_Bot/main.py", line 34, in <module>
    main()
  File "/Users/manny/Personal-Projects/Bots/GG_Pickle_Bot/main.py", line 30, in main
    scraper.finish_booking()
  File "/Users/manny/Personal-Projects/Bots/GG_Pickle_Bot/utils/web_scraper.py", line 92, in finish_booking
    duration_button = WebDriverWait(self.driver, 15).until(
                      ^^^^^^^^^^^^^^^^^^^^^^^^^^^^^^^^^^^^^
  File "/Users/manny/Personal-Projects/Bots/GG_Pickle_Bot/gg_pickle/lib/python3.12/site-packages/selenium/webdriver/support/wait.py", line 105, in until
    raise TimeoutException(message, screen, stacktrace)
selenium.common.exceptions.TimeoutException: Message: 
Stacktrace:
0   chromedriver                        0x00000001031fbb08 cxxbridge1$str$ptr + 3651580
1   chromedriver                        0x00000001031f4358 cxxbridge1$str$ptr + 3620940
2   chromedriver                        0x0000000102c5c4b4 cxxbridge1$string$len + 89224
3   chromedriver                        0x0000000102ca0898 cxxbridge1$string$len + 368748
4   chromedriver                        0x0000000102cda0fc cxxbridge1$string$len + 604368
5   chromedriver                        0x0000000102c950b0 cxxbridge1$string$len + 321668
6   chromedriver                        0x0000000102c95d00 cxxbridge1$string$len + 324820
7   chromedriver                        0x00000001031c6e4c cxxbridge1$str$ptr + 3435328
8   chromedriver                        0x00000001031ca164 cxxbridge1$str$ptr + 3448408
9   chromedriver                        0x00000001031ae1c0 cxxbridge1$str$ptr + 3333812
10  chromedriver                        0x00000001031caa24 cxxbridge1$str$ptr + 3450648
11  chromedriver                        0x000000010319f9cc cxxbridge1$str$ptr + 3274432
12  chromedriver                        0x00000001031e5138 cxxbridge1$str$ptr + 3558956
13  chromedriver                        0x00000001031e52b4 cxxbridge1$str$ptr + 3559336
14  chromedriver                        0x00000001031f3fcc cxxbridge1$str$ptr + 3620032
15  libsystem_pthread.dylib             0x0000000191722f94 _pthread_start + 136
16  libsystem_pthread.dylib             0x000000019171dd34 thread_start + 8

Traceback (most recent call last):
  File "/Users/manny/Personal-Projects/Bots/GG_Pickle_Bot/utils/web_scraper.py", line 86, in choose_date_time
    time_button = self.driver.find_element(By.XPATH, f"//a[contains(@data-href, '{target_time}')]")
                  ^^^^^^^^^^^^^^^^^^^^^^^^^^^^^^^^^^^^^^^^^^^^^^^^^^^^^^^^^^^^^^^^^^^^^^^^^^^^^^^^^
  File "/Users/manny/Personal-Projects/Bots/GG_Pickle_Bot/gg_pickle/lib/python3.12/site-packages/selenium/webdriver/remote/webdriver.py", line 770, in find_element
    return self.execute(Command.FIND_ELEMENT, {"using": by, "value": value})["value"]
           ^^^^^^^^^^^^^^^^^^^^^^^^^^^^^^^^^^^^^^^^^^^^^^^^^^^^^^^^^^^^^^^^^
  File "/Users/manny/Personal-Projects/Bots/GG_Pickle_Bot/gg_pickle/lib/python3.12/site-packages/selenium/webdriver/remote/webdriver.py", line 384, in execute
    self.error_handler.check_response(response)
  File "/Users/manny/Personal-Projects/Bots/GG_Pickle_Bot/gg_pickle/lib/python3.12/site-packages/selenium/webdriver/remote/errorhandler.py", line 232, in check_response
    raise exception_class(message, screen, stacktrace)
selenium.common.exceptions.NoSuchElementException: Message: no such element: Unable to locate element: {"method":"xpath","selector":"//a[contains(@data-href, '%205:00%20PM&end')]"}
  (Session info: chrome=131.0.6778.109); For documentation on this error, please visit: https://www.selenium.dev/documentation/webdriver/troubleshooting/errors#no-such-element-exception
Stacktrace:
0   chromedriver                        0x0000000100ef3b08 cxxbridge1$str$ptr + 3651580
1   chromedriver                        0x0000000100eec358 cxxbridge1$str$ptr + 3620940
2   chromedriver                        0x00000001009544b4 cxxbridge1$string$len + 89224
3   chromedriver                        0x0000000100998898 cxxbridge1$string$len + 368748
4   chromedriver                        0x00000001009d20fc cxxbridge1$string$len + 604368
5   chromedriver                        0x000000010098d0b0 cxxbridge1$string$len + 321668
6   chromedriver                        0x000000010098dd00 cxxbridge1$string$len + 324820
7   chromedriver                        0x0000000100ebee4c cxxbridge1$str$ptr + 3435328
8   chromedriver                        0x0000000100ec2164 cxxbridge1$str$ptr + 3448408
9   chromedriver                        0x0000000100ea61c0 cxxbridge1$str$ptr + 3333812
10  chromedriver                        0x0000000100ec2a24 cxxbridge1$str$ptr + 3450648
11  chromedriver                        0x0000000100e979cc cxxbridge1$str$ptr + 3274432
12  chromedriver                        0x0000000100edd138 cxxbridge1$str$ptr + 3558956
13  chromedriver                        0x0000000100edd2b4 cxxbridge1$str$ptr + 3559336
14  chromedriver                        0x0000000100eebfcc cxxbridge1$str$ptr + 3620032
15  libsystem_pthread.dylib             0x0000000191722f94 _pthread_start + 136
16  libsystem_pthread.dylib             0x000000019171dd34 thread_start + 8


During handling of the above exception, another exception occurred:

Traceback (most recent call last):
  File "/Users/manny/Personal-Projects/Bots/GG_Pickle_Bot/main.py", line 34, in <module>
    main()
  File "/Users/manny/Personal-Projects/Bots/GG_Pickle_Bot/main.py", line 29, in main
    scraper.choose_date_time(today, target_date, target_time)
  File "/Users/manny/Personal-Projects/Bots/GG_Pickle_Bot/utils/web_scraper.py", line 88, in choose_date_time
    except NoSuchElementException:
           ^^^^^^^^^^^^^^^^^^^^^^
NameError: name 'NoSuchElementException' is not defined
NoSuchElementException 10, %206:00%20PM&end
NoSuchElementException 9, %206:30%20PM&end
TimeoutException 5
made it all the way
TimeoutException 5
made it all the way
Traceback (most recent call last):
  File "/Users/manny/Personal-Projects/Bots/GG_Pickle_Bot/main.py", line 38, in <module>
    main()
  File "/Users/manny/Personal-Projects/Bots/GG_Pickle_Bot/main.py", line 29, in main
    scraper.go_to_calendar(slots_open_at)
  File "/Users/manny/Personal-Projects/Bots/GG_Pickle_Bot/utils/web_scraper.py", line 71, in go_to_calendar
    schedule_delay(slot_time)
  File "/Users/manny/Personal-Projects/Bots/GG_Pickle_Bot/utils/delay.py", line 25, in schedule_delay
    time.sleep(wait_time_s)
ValueError: sleep length must be non-negative
2024-12-12 14:47:01.912892
2024-12-12 14:47:04.633366
made it all the way
2024-12-12 14:47:08.905220
2024-12-12 14:59:02.631388
2024-12-12 14:59:03.745565
made it all the way
2024-12-12 14:59:07.545563
preschedule_delay 2024-12-12 15:05:29.523730
preclick 2024-12-12 15:06:00.046222
postclick 2024-12-12 15:06:01.113849
2024-12-12 15:06:01.113882
2024-12-12 15:06:02.819547
made it all the way
2024-12-12 15:06:06.136695
preschedule_delay 2024-12-12 15:09:19.821797
preclick 2024-12-12 15:10:00.068035
postclick 2024-12-12 15:10:01.272257
2024-12-12 15:10:01.272293
2024-12-12 15:10:02.304836
made it all the way
2024-12-12 15:10:05.816544
preschedule_delay 2024-12-12 15:19:16.868815
preclick 2024-12-12 15:19:59.996681
postclick 2024-12-12 15:20:02.077871
2024-12-12 15:20:02.078000
2024-12-12 15:20:04.266466
made it all the way
2024-12-12 15:20:07.731553
preschedule_delay 2024-12-12 16:32:17.726861
preclick 2024-12-12 16:34:00.001134
postclick 2024-12-12 16:34:01.855751
2024-12-12 16:34:01.855853
2024-12-12 16:34:04.059543
made it all the way
2024-12-12 16:34:07.397104
preschedule_delay 2024-12-12 18:27:16.334204
preclick 2024-12-12 18:28:00.025577
postclick 2024-12-12 18:28:01.118968
2024-12-12 18:28:01.119037
2024-12-12 18:28:02.804805
made it all the way
2024-12-12 18:28:06.740140
preschedule_delay 2024-12-12 18:37:14.958601
preclick 2024-12-12 18:38:00.035692
postclick 2024-12-12 18:38:01.175670
2024-12-12 18:38:01.175720
2024-12-12 18:38:02.958297
made it all the way
2024-12-12 18:38:06.331595
preschedule_delay 2024-12-12 18:51:17.574491
preclick 2024-12-12 18:52:00.034080
postclick 2024-12-12 18:52:01.400283
2024-12-12 18:52:01.400928
2024-12-12 18:52:03.359983
made it all the way
2024-12-12 18:52:06.934900
preschedule_delay 2024-12-12 18:54:16.010685
preclick 2024-12-12 18:55:00.060080
postclick 2024-12-12 18:55:01.392820
2024-12-12 18:55:01.392865
2024-12-12 18:55:03.529733
made it all the way
2024-12-12 18:55:06.956777
preschedule_delay 2024-12-12 18:58:15.856333
preclick 2024-12-12 18:59:00.023069
postclick 2024-12-12 18:59:01.379226
2024-12-12 18:59:01.379272
2024-12-12 18:59:04.843956
TimeoutException 5
Timeout:  2024-12-12 18:59:08.123566
made it all the way
2024-12-12 18:59:13.426898
preschedule_delay 2024-12-12 19:02:15.994273
preclick 2024-12-12 19:03:00.068190
postclick 2024-12-12 19:03:01.254599
2024-12-12 19:03:01.254706
2024-12-12 19:03:03.356437
made it all the way
2024-12-12 19:03:06.619928
preschedule_delay 2024-12-12 19:05:15.952182
preclick 2024-12-12 19:06:00.018081
postclick 2024-12-12 19:06:01.204366
2024-12-12 19:06:01.204414
2024-12-12 19:06:03.333523
made it all the way
2024-12-12 19:06:06.320605
preschedule_delay 2024-12-13 12:28:16.427883
preclick 2024-12-13 12:30:00.062073
postclick 2024-12-13 12:30:01.521047
2024-12-13 12:30:01.521158
2024-12-13 12:30:03.637609
made it all the way
2024-12-13 12:30:06.781141
preschedule_delay 2025-01-03 12:28:21.277546
preclick 2025-01-03 12:30:00.106054
postclick 2025-01-03 12:30:01.912256
2025-01-03 12:30:01.912317
2025-01-03 12:30:03.623421
made it all the way
2025-01-03 12:30:07.413863
preschedule_delay 2025-01-07 12:28:18.208507
preclick 2025-01-07 12:29:59.989798
postclick 2025-01-07 12:30:02.195638
2025-01-07 12:30:02.195811
2025-01-07 12:30:04.419049
TimeoutException 5
Timeout:  2025-01-07 12:30:07.965603
made it all the way
2025-01-07 12:30:13.735735
preschedule_delay 2025-01-08 12:28:17.148771
preclick 2025-01-08 12:46:14.425229
postclick 2025-01-08 12:46:17.430286
2025-01-08 12:46:17.430332
Traceback (most recent call last):
  File "/Users/manny/Personal-Projects/Bots/GG_Pickle_Bot/main.py", line 38, in <module>
    main()
  File "/Users/manny/Personal-Projects/Bots/GG_Pickle_Bot/main.py", line 31, in main
    scraper.choose_date_time(today, target_date, target_time)
  File "/Users/manny/Personal-Projects/Bots/GG_Pickle_Bot/utils/web_scraper.py", line 96, in choose_date_time
    time_button = WebDriverWait(self.driver, 3).until(
                  ^^^^^^^^^^^^^^^^^^^^^^^^^^^^^^^^^^^^
  File "/Users/manny/Personal-Projects/Bots/GG_Pickle_Bot/gg_pickle/lib/python3.12/site-packages/selenium/webdriver/support/wait.py", line 105, in until
    raise TimeoutException(message, screen, stacktrace)
selenium.common.exceptions.TimeoutException: Message: 
Stacktrace:
0   chromedriver                        0x0000000101366138 cxxbridge1$str$ptr + 3653888
1   chromedriver                        0x000000010135e988 cxxbridge1$str$ptr + 3623248
2   chromedriver                        0x0000000100dc4968 cxxbridge1$string$len + 89228
3   chromedriver                        0x0000000100e08d4c cxxbridge1$string$len + 368752
4   chromedriver                        0x0000000100e424f0 cxxbridge1$string$len + 604180
5   chromedriver                        0x0000000100dfd564 cxxbridge1$string$len + 321672
6   chromedriver                        0x0000000100dfe1b4 cxxbridge1$string$len + 324824
7   chromedriver                        0x0000000101330fc0 cxxbridge1$str$ptr + 3436424
8   chromedriver                        0x00000001013342dc cxxbridge1$str$ptr + 3449508
9   chromedriver                        0x0000000101317e60 cxxbridge1$str$ptr + 3333672
10  chromedriver                        0x0000000101334b9c cxxbridge1$str$ptr + 3451748
11  chromedriver                        0x0000000101309678 cxxbridge1$str$ptr + 3274304
12  chromedriver                        0x000000010134f2b4 cxxbridge1$str$ptr + 3560060
13  chromedriver                        0x000000010134f430 cxxbridge1$str$ptr + 3560440
14  chromedriver                        0x000000010135e5fc cxxbridge1$str$ptr + 3622340
15  libsystem_pthread.dylib             0x0000000191722f94 _pthread_start + 136
16  libsystem_pthread.dylib             0x000000019171dd34 thread_start + 8

preschedule_delay 2025-01-09 12:28:16.973176
preclick 2025-01-09 12:30:00.051712
postclick 2025-01-09 12:30:02.555561
2025-01-09 12:30:02.555721
2025-01-09 12:30:04.228613
TimeoutException 5
Timeout:  2025-01-09 12:30:07.624426
TimeoutException 4
Timeout:  2025-01-09 12:30:19.591841
TimeoutException 3
Timeout:  2025-01-09 12:30:30.192250
made it all the way
2025-01-09 12:30:38.886660
preschedule_delay 2025-01-10 12:28:27.712168
preclick 2025-01-10 12:30:00.075118
postclick 2025-01-10 12:30:01.870064
2025-01-10 12:30:01.870228
2025-01-10 12:30:04.293577
made it all the way
2025-01-10 12:30:08.209269
preschedule_delay 2025-01-11 12:28:14.852835
preclick 2025-01-11 12:30:04.755009
postclick 2025-01-11 12:30:08.296336
2025-01-11 12:30:08.296390
Traceback (most recent call last):
  File "/Users/manny/Personal-Projects/Bots/GG_Pickle_Bot/main.py", line 38, in <module>
    main()
  File "/Users/manny/Personal-Projects/Bots/GG_Pickle_Bot/main.py", line 31, in main
    scraper.choose_date_time(today, target_date, target_time)
  File "/Users/manny/Personal-Projects/Bots/GG_Pickle_Bot/utils/web_scraper.py", line 96, in choose_date_time
    time_button = WebDriverWait(self.driver, 4).until(
                  ^^^^^^^^^^^^^^^^^^^^^^^^^^^^^^^^^^^^
  File "/Users/manny/Personal-Projects/Bots/GG_Pickle_Bot/gg_pickle/lib/python3.12/site-packages/selenium/webdriver/support/wait.py", line 105, in until
    raise TimeoutException(message, screen, stacktrace)
selenium.common.exceptions.TimeoutException: Message: 
Stacktrace:
0   chromedriver                        0x0000000103376138 cxxbridge1$str$ptr + 3653888
1   chromedriver                        0x000000010336e988 cxxbridge1$str$ptr + 3623248
2   chromedriver                        0x0000000102dd4968 cxxbridge1$string$len + 89228
3   chromedriver                        0x0000000102e18d4c cxxbridge1$string$len + 368752
4   chromedriver                        0x0000000102e524f0 cxxbridge1$string$len + 604180
5   chromedriver                        0x0000000102e0d564 cxxbridge1$string$len + 321672
6   chromedriver                        0x0000000102e0e1b4 cxxbridge1$string$len + 324824
7   chromedriver                        0x0000000103340fc0 cxxbridge1$str$ptr + 3436424
8   chromedriver                        0x00000001033442dc cxxbridge1$str$ptr + 3449508
9   chromedriver                        0x0000000103327e60 cxxbridge1$str$ptr + 3333672
10  chromedriver                        0x0000000103344b9c cxxbridge1$str$ptr + 3451748
11  chromedriver                        0x0000000103319678 cxxbridge1$str$ptr + 3274304
12  chromedriver                        0x000000010335f2b4 cxxbridge1$str$ptr + 3560060
13  chromedriver                        0x000000010335f430 cxxbridge1$str$ptr + 3560440
14  chromedriver                        0x000000010336e5fc cxxbridge1$str$ptr + 3622340
15  libsystem_pthread.dylib             0x0000000191722f94 _pthread_start + 136
16  libsystem_pthread.dylib             0x000000019171dd34 thread_start + 8

preschedule_delay 2025-01-13 12:28:16.696067
preclick 2025-01-13 12:29:59.982966
postclick 2025-01-13 12:30:03.378055
2025-01-13 12:30:03.378319
2025-01-13 12:30:04.888857
TimeoutException 5
Timeout:  2025-01-13 12:30:10.204799
TimeoutException 4
Timeout:  2025-01-13 12:30:21.000204
Traceback (most recent call last):
  File "/Users/manny/Personal-Projects/Bots/GG_Pickle_Bot/utils/web_scraper.py", line 122, in finish_booking
    duration_button = WebDriverWait(self.driver, wait_time).until(
                      ^^^^^^^^^^^^^^^^^^^^^^^^^^^^^^^^^^^^^^^^^^^^
  File "/Users/manny/Personal-Projects/Bots/GG_Pickle_Bot/gg_pickle/lib/python3.12/site-packages/selenium/webdriver/support/wait.py", line 105, in until
    raise TimeoutException(message, screen, stacktrace)
selenium.common.exceptions.TimeoutException: Message: 
Stacktrace:
0   chromedriver                        0x0000000102f4a138 cxxbridge1$str$ptr + 3653888
1   chromedriver                        0x0000000102f42988 cxxbridge1$str$ptr + 3623248
2   chromedriver                        0x00000001029a8968 cxxbridge1$string$len + 89228
3   chromedriver                        0x00000001029ecd4c cxxbridge1$string$len + 368752
4   chromedriver                        0x0000000102a264f0 cxxbridge1$string$len + 604180
5   chromedriver                        0x00000001029e1564 cxxbridge1$string$len + 321672
6   chromedriver                        0x00000001029e21b4 cxxbridge1$string$len + 324824
7   chromedriver                        0x0000000102f14fc0 cxxbridge1$str$ptr + 3436424
8   chromedriver                        0x0000000102f182dc cxxbridge1$str$ptr + 3449508
9   chromedriver                        0x0000000102efbe60 cxxbridge1$str$ptr + 3333672
10  chromedriver                        0x0000000102f18b9c cxxbridge1$str$ptr + 3451748
11  chromedriver                        0x0000000102eed678 cxxbridge1$str$ptr + 3274304
12  chromedriver                        0x0000000102f332b4 cxxbridge1$str$ptr + 3560060
13  chromedriver                        0x0000000102f33430 cxxbridge1$str$ptr + 3560440
14  chromedriver                        0x0000000102f425fc cxxbridge1$str$ptr + 3622340
15  libsystem_pthread.dylib             0x0000000191722f94 _pthread_start + 136
16  libsystem_pthread.dylib             0x000000019171dd34 thread_start + 8


During handling of the above exception, another exception occurred:

Traceback (most recent call last):
  File "/Users/manny/Personal-Projects/Bots/GG_Pickle_Bot/main.py", line 38, in <module>
    main()
  File "/Users/manny/Personal-Projects/Bots/GG_Pickle_Bot/main.py", line 33, in main
    scraper.finish_booking()
  File "/Users/manny/Personal-Projects/Bots/GG_Pickle_Bot/utils/web_scraper.py", line 129, in finish_booking
    self.choose_date_time(self.target_date, self.target_date, self.target_time)
  File "/Users/manny/Personal-Projects/Bots/GG_Pickle_Bot/utils/web_scraper.py", line 96, in choose_date_time
    time_button = WebDriverWait(self.driver, 4).until(
                  ^^^^^^^^^^^^^^^^^^^^^^^^^^^^^^^^^^^^
  File "/Users/manny/Personal-Projects/Bots/GG_Pickle_Bot/gg_pickle/lib/python3.12/site-packages/selenium/webdriver/support/wait.py", line 105, in until
    raise TimeoutException(message, screen, stacktrace)
selenium.common.exceptions.TimeoutException: Message: 
Stacktrace:
0   chromedriver                        0x0000000102f4a138 cxxbridge1$str$ptr + 3653888
1   chromedriver                        0x0000000102f42988 cxxbridge1$str$ptr + 3623248
2   chromedriver                        0x00000001029a8968 cxxbridge1$string$len + 89228
3   chromedriver                        0x00000001029ecd4c cxxbridge1$string$len + 368752
4   chromedriver                        0x0000000102a264f0 cxxbridge1$string$len + 604180
5   chromedriver                        0x00000001029e1564 cxxbridge1$string$len + 321672
6   chromedriver                        0x00000001029e21b4 cxxbridge1$string$len + 324824
7   chromedriver                        0x0000000102f14fc0 cxxbridge1$str$ptr + 3436424
8   chromedriver                        0x0000000102f182dc cxxbridge1$str$ptr + 3449508
9   chromedriver                        0x0000000102efbe60 cxxbridge1$str$ptr + 3333672
10  chromedriver                        0x0000000102f18b9c cxxbridge1$str$ptr + 3451748
11  chromedriver                        0x0000000102eed678 cxxbridge1$str$ptr + 3274304
12  chromedriver                        0x0000000102f332b4 cxxbridge1$str$ptr + 3560060
13  chromedriver                        0x0000000102f33430 cxxbridge1$str$ptr + 3560440
14  chromedriver                        0x0000000102f425fc cxxbridge1$str$ptr + 3622340
15  libsystem_pthread.dylib             0x0000000191722f94 _pthread_start + 136
16  libsystem_pthread.dylib             0x000000019171dd34 thread_start + 8

preschedule_delay 2025-01-14 12:28:27.305887
preclick 2025-01-14 12:29:59.927012
postclick 2025-01-14 12:30:01.820575
2025-01-14 12:30:01.820815
TimeoutException choose_date_time 5
Timeout:  2025-01-14 12:30:05.664916
TimeoutException choose_date_time 4
Timeout:  2025-01-14 12:30:11.960117
TimeoutException choose_date_time 3
Timeout:  2025-01-14 12:30:21.069913
TimeoutException choose_date_time 2
Timeout:  2025-01-14 12:30:33.560953
TimeoutException choose_date_time 1
Timeout:  2025-01-14 12:30:48.917974
Traceback (most recent call last):
  File "/Users/manny/Personal-Projects/Bots/GG_Pickle_Bot/main.py", line 38, in <module>
    main()
  File "/Users/manny/Personal-Projects/Bots/GG_Pickle_Bot/main.py", line 31, in main
    scraper.choose_date_time(today, target_date, target_time)
  File "/Users/manny/Personal-Projects/Bots/GG_Pickle_Bot/utils/web_scraper.py", line 115, in choose_date_time
    time_button.click()
    ^^^^^^^^^^^
UnboundLocalError: cannot access local variable 'time_button' where it is not associated with a value
preschedule_delay 2025-01-15 12:28:17.050733
preclick 2025-01-15 12:29:59.979944
postclick 2025-01-15 12:30:01.609500
2025-01-15 12:30:01.609531
2025-01-15 12:30:03.295213
made it all the way
2025-01-15 12:30:06.597656
Traceback (most recent call last):
  File "/Users/manny/Personal-Projects/Bots/GG_Pickle_Bot/main.py", line 39, in <module>
    main()
  File "/Users/manny/Personal-Projects/Bots/GG_Pickle_Bot/main.py", line 35, in main
    scraper.check_status()
  File "/Users/manny/Personal-Projects/Bots/GG_Pickle_Bot/utils/web_scraper.py", line 152, in check_status
    reservation_notice = self.driver.find_element(By.XPATH, "//div//div[contains(text(), 'Sorry, no available')]")
                         ^^^^^^^^^^^^^^^^^^^^^^^^^^^^^^^^^^^^^^^^^^^^^^^^^^^^^^^^^^^^^^^^^^^^^^^^^^^^^^^^^^^^^^^^^
  File "/Users/manny/Personal-Projects/Bots/GG_Pickle_Bot/gg_pickle/lib/python3.12/site-packages/selenium/webdriver/remote/webdriver.py", line 770, in find_element
    return self.execute(Command.FIND_ELEMENT, {"using": by, "value": value})["value"]
           ^^^^^^^^^^^^^^^^^^^^^^^^^^^^^^^^^^^^^^^^^^^^^^^^^^^^^^^^^^^^^^^^^
  File "/Users/manny/Personal-Projects/Bots/GG_Pickle_Bot/gg_pickle/lib/python3.12/site-packages/selenium/webdriver/remote/webdriver.py", line 384, in execute
    self.error_handler.check_response(response)
  File "/Users/manny/Personal-Projects/Bots/GG_Pickle_Bot/gg_pickle/lib/python3.12/site-packages/selenium/webdriver/remote/errorhandler.py", line 232, in check_response
    raise exception_class(message, screen, stacktrace)
selenium.common.exceptions.NoSuchElementException: Message: no such element: Unable to locate element: {"method":"xpath","selector":"//div//div[contains(text(), 'Sorry, no available')]"}
  (Session info: chrome=131.0.6778.265); For documentation on this error, please visit: https://www.selenium.dev/documentation/webdriver/troubleshooting/errors#no-such-element-exception
Stacktrace:
0   chromedriver                        0x000000010081a138 cxxbridge1$str$ptr + 3653888
1   chromedriver                        0x0000000100812988 cxxbridge1$str$ptr + 3623248
2   chromedriver                        0x0000000100278968 cxxbridge1$string$len + 89228
3   chromedriver                        0x00000001002bcd4c cxxbridge1$string$len + 368752
4   chromedriver                        0x00000001002f64f0 cxxbridge1$string$len + 604180
5   chromedriver                        0x00000001002b1564 cxxbridge1$string$len + 321672
6   chromedriver                        0x00000001002b21b4 cxxbridge1$string$len + 324824
7   chromedriver                        0x00000001007e4fc0 cxxbridge1$str$ptr + 3436424
8   chromedriver                        0x00000001007e82dc cxxbridge1$str$ptr + 3449508
9   chromedriver                        0x00000001007cbe60 cxxbridge1$str$ptr + 3333672
10  chromedriver                        0x00000001007e8b9c cxxbridge1$str$ptr + 3451748
11  chromedriver                        0x00000001007bd678 cxxbridge1$str$ptr + 3274304
12  chromedriver                        0x00000001008032b4 cxxbridge1$str$ptr + 3560060
13  chromedriver                        0x0000000100803430 cxxbridge1$str$ptr + 3560440
14  chromedriver                        0x00000001008125fc cxxbridge1$str$ptr + 3622340
15  libsystem_pthread.dylib             0x0000000191722f94 _pthread_start + 136
16  libsystem_pthread.dylib             0x000000019171dd34 thread_start + 8

preschedule_delay 2025-01-16 12:28:18.804009
preclick 2025-01-16 12:30:00.103650
postclick 2025-01-16 12:30:01.749332
2025-01-16 12:30:01.749369
Traceback (most recent call last):
  File "/Users/manny/Personal-Projects/Bots/GG_Pickle_Bot/main.py", line 39, in <module>
    main()
  File "/Users/manny/Personal-Projects/Bots/GG_Pickle_Bot/main.py", line 31, in main
    scraper.choose_date_time(today, target_date, target_time)
  File "/Users/manny/Personal-Projects/Bots/GG_Pickle_Bot/utils/web_scraper.py", line 115, in choose_date_time
    time_button.click()
  File "/Users/manny/Personal-Projects/Bots/GG_Pickle_Bot/gg_pickle/lib/python3.12/site-packages/selenium/webdriver/remote/webelement.py", line 94, in click
    self._execute(Command.CLICK_ELEMENT)
  File "/Users/manny/Personal-Projects/Bots/GG_Pickle_Bot/gg_pickle/lib/python3.12/site-packages/selenium/webdriver/remote/webelement.py", line 395, in _execute
    return self._parent.execute(command, params)
           ^^^^^^^^^^^^^^^^^^^^^^^^^^^^^^^^^^^^^
  File "/Users/manny/Personal-Projects/Bots/GG_Pickle_Bot/gg_pickle/lib/python3.12/site-packages/selenium/webdriver/remote/webdriver.py", line 384, in execute
    self.error_handler.check_response(response)
  File "/Users/manny/Personal-Projects/Bots/GG_Pickle_Bot/gg_pickle/lib/python3.12/site-packages/selenium/webdriver/remote/errorhandler.py", line 232, in check_response
    raise exception_class(message, screen, stacktrace)
selenium.common.exceptions.StaleElementReferenceException: Message: stale element reference: stale element not found in the current frame
  (Session info: chrome=131.0.6778.265); For documentation on this error, please visit: https://www.selenium.dev/documentation/webdriver/troubleshooting/errors#stale-element-reference-exception
Stacktrace:
0   chromedriver                        0x00000001028be138 cxxbridge1$str$ptr + 3653888
1   chromedriver                        0x00000001028b6988 cxxbridge1$str$ptr + 3623248
2   chromedriver                        0x000000010231c968 cxxbridge1$string$len + 89228
3   chromedriver                        0x000000010232184c cxxbridge1$string$len + 109424
4   chromedriver                        0x000000010232389c cxxbridge1$string$len + 117696
5   chromedriver                        0x0000000102323944 cxxbridge1$string$len + 117864
6   chromedriver                        0x0000000102366528 cxxbridge1$string$len + 391244
7   chromedriver                        0x0000000102364c30 cxxbridge1$string$len + 384852
8   chromedriver                        0x0000000102362b74 cxxbridge1$string$len + 376472
9   chromedriver                        0x0000000102361fac cxxbridge1$string$len + 373456
10  chromedriver                        0x0000000102357470 cxxbridge1$string$len + 329620
11  chromedriver                        0x0000000102356ec4 cxxbridge1$string$len + 328168
12  chromedriver                        0x000000010239a4f0 cxxbridge1$string$len + 604180
13  chromedriver                        0x0000000102355564 cxxbridge1$string$len + 321672
14  chromedriver                        0x00000001023561b4 cxxbridge1$string$len + 324824
15  chromedriver                        0x0000000102888fc0 cxxbridge1$str$ptr + 3436424
16  chromedriver                        0x000000010288c2dc cxxbridge1$str$ptr + 3449508
17  chromedriver                        0x000000010286fe60 cxxbridge1$str$ptr + 3333672
18  chromedriver                        0x000000010288cb9c cxxbridge1$str$ptr + 3451748
19  chromedriver                        0x0000000102861678 cxxbridge1$str$ptr + 3274304
20  chromedriver                        0x00000001028a72b4 cxxbridge1$str$ptr + 3560060
21  chromedriver                        0x00000001028a7430 cxxbridge1$str$ptr + 3560440
22  chromedriver                        0x00000001028b65fc cxxbridge1$str$ptr + 3622340
23  libsystem_pthread.dylib             0x0000000191722f94 _pthread_start + 136
24  libsystem_pthread.dylib             0x000000019171dd34 thread_start + 8

